<?xml version="1.0" encoding="UTF-8"?>
<!-- Generated by org.testng.reporters.JUnitReportReporter -->
<testsuite hostname="DESKTOP-QMSQO3B" failures="0" tests="2" name="com.nxtgenai.testcases.RegisterDemo" time="15.123" errors="0" timestamp="2021-12-14T10:45:02 IST" skipped="0">
  <testcase classname="com.nxtgenai.testcases.RegisterDemo" name="registerUser" time="7.579"/>
  <system-out/>
  <testcase classname="com.nxtgenai.testcases.RegisterDemo" name="registerUser" time="7.544"/>
  <system-out/>
</testsuite> <!-- com.nxtgenai.testcases.RegisterDemo -->
