<?xml version="1.0" encoding="UTF-8"?>
<!-- Generated by org.testng.reporters.JUnitReportReporter -->
<testsuite hostname="DESKTOP-QMSQO3B" failures="0" tests="11" name="com.nxtgenai.testcases.ScreenNavigation" time="32.314" errors="0" timestamp="2021-12-14T10:45:02 IST" skipped="0">
  <testcase classname="com.nxtgenai.testcases.ScreenNavigation" name="validatingPythonForDataScienceNavigation" time="2.961"/>
  <system-out/>
  <testcase classname="com.nxtgenai.testcases.ScreenNavigation" name="validatingCourseCompletionCertificateNavigation" time="2.633"/>
  <system-out/>
  <testcase classname="com.nxtgenai.testcases.ScreenNavigation" name="validatingSeleniumOnlineTrainingNavigation" time="3.655"/>
  <system-out/>
  <testcase classname="com.nxtgenai.testcases.ScreenNavigation" name="validatingRegistrationFormNavigation" time="3.085"/>
  <system-out/>
  <testcase classname="com.nxtgenai.testcases.ScreenNavigation" name="validatingAlertPopUpNavigation" time="2.977"/>
  <system-out/>
  <testcase classname="com.nxtgenai.testcases.ScreenNavigation" name="validatingMultipleWindowsNavigation" time="2.956"/>
  <system-out/>
  <testcase classname="com.nxtgenai.testcases.ScreenNavigation" name="validatingWebTableNavigation" time="2.770"/>
  <system-out/>
  <testcase classname="com.nxtgenai.testcases.ScreenNavigation" name="validatingTechTalkNavigation" time="2.778"/>
  <system-out/>
  <testcase classname="com.nxtgenai.testcases.ScreenNavigation" name="validatingTestimonialsNavigation" time="2.850"/>
  <system-out/>
  <testcase classname="com.nxtgenai.testcases.ScreenNavigation" name="validatingNumPyNavigation" time="2.997"/>
  <system-out/>
  <testcase classname="com.nxtgenai.testcases.ScreenNavigation" name="validatingPandasNavigation" time="2.652"/>
  <system-out/>
</testsuite> <!-- com.nxtgenai.testcases.ScreenNavigation -->
