<?xml version="1.0" encoding="UTF-8"?>
<!-- Generated by org.testng.reporters.JUnitReportReporter -->
<testsuite hostname="DESKTOP-QMSQO3B" failures="0" tests="9" name="com.parabank.testcases.ParaBankHomePageNavigation" time="7.557" errors="0" timestamp="2021-12-14T10:06:41 IST" skipped="0">
  <testcase classname="com.parabank.testcases.ParaBankHomePageNavigation" name="validatingHomeIconNavigation" time="1.365"/>
  <system-out/>
  <testcase classname="com.parabank.testcases.ParaBankHomePageNavigation" name="validatingAboutUsIconNavigation" time="0.843"/>
  <system-out/>
  <testcase classname="com.parabank.testcases.ParaBankHomePageNavigation" name="validatingCustomerCareIconNavigation" time="0.893"/>
  <system-out/>
  <testcase classname="com.parabank.testcases.ParaBankHomePageNavigation" name="validatingAboutUsLinkNavigation" time="0.466"/>
  <system-out/>
  <testcase classname="com.parabank.testcases.ParaBankHomePageNavigation" name="validatingServicesLinkNavigation" time="0.980"/>
  <system-out/>
  <testcase classname="com.parabank.testcases.ParaBankHomePageNavigation" name="validatingAdminPageLinkNavigation" time="0.489"/>
  <system-out/>
  <testcase classname="com.parabank.testcases.ParaBankHomePageNavigation" name="validatingForgotLoginLinkNavigation" time="0.814"/>
  <system-out/>
  <testcase classname="com.parabank.testcases.ParaBankHomePageNavigation" name="validatingRegisterLinkNavigation" time="0.791"/>
  <system-out/>
  <testcase classname="com.parabank.testcases.ParaBankHomePageNavigation" name="validatingLatestNewsNavigation" time="0.916"/>
  <system-out/>
</testsuite> <!-- com.parabank.testcases.ParaBankHomePageNavigation -->
