<?xml version="1.0" encoding="UTF-8"?>
<!-- Generated by org.testng.reporters.JUnitReportReporter -->
<testsuite hostname="DESKTOP-QMSQO3B" failures="0" tests="7" name="com.parabank.testcases.ParaBankCustomerPageNavigation" time="3.763" errors="0" timestamp="2021-12-14T10:06:41 IST" skipped="0">
  <testcase classname="com.parabank.testcases.ParaBankCustomerPageNavigation" name="validatingOpenNewAccountNavigation" time="0.496"/>
  <system-out/>
  <testcase classname="com.parabank.testcases.ParaBankCustomerPageNavigation" name="validatingAccountsOverviewNavigation" time="0.489"/>
  <system-out/>
  <testcase classname="com.parabank.testcases.ParaBankCustomerPageNavigation" name="validatingTransferFundsNavigation" time="0.503"/>
  <system-out/>
  <testcase classname="com.parabank.testcases.ParaBankCustomerPageNavigation" name="validatingBillPayNavigation" time="0.692"/>
  <system-out/>
  <testcase classname="com.parabank.testcases.ParaBankCustomerPageNavigation" name="validatingFindTransactionsNavigation" time="0.530"/>
  <system-out/>
  <testcase classname="com.parabank.testcases.ParaBankCustomerPageNavigation" name="validatingUpdateContactInfoNavigation" time="0.533"/>
  <system-out/>
  <testcase classname="com.parabank.testcases.ParaBankCustomerPageNavigation" name="validatingRequestLoanNavigation" time="0.520"/>
  <system-out/>
</testsuite> <!-- com.parabank.testcases.ParaBankCustomerPageNavigation -->
